<?xml version="1.0" encoding="UTF-8"?>
<!-- Generated by org.testng.reporters.JUnitReportReporter -->
<testsuite skipped="0" hostname="Waqass-MacBook-Pro.local" name="com.maven.MavenTest" tests="1" failures="0" timestamp="27 Dec 2018 22:41:39 GMT" time="0.008" errors="0">
  <testcase name="hello" time="0.008" classname="com.maven.MavenTest"/>
</testsuite> <!-- com.maven.MavenTest -->
