<?xml version="1.0" encoding="UTF-8"?>
<!-- Generated by org.testng.reporters.JUnitReportReporter -->
<testsuite skipped="0" hostname="Waqass-MBP.fios-router.home" name="com.maven.BaseClass" tests="1" failures="0" timestamp="03 Dec 2018 17:57:08 GMT" time="2.129" errors="0">
  <testcase name="setup" time="2.129" classname="com.maven.BaseClass"/>
</testsuite> <!-- com.maven.BaseClass -->
