<?xml version="1.0" encoding="UTF-8"?>
<!-- Generated by org.testng.reporters.JUnitReportReporter -->
<testsuite skipped="0" hostname="Waqass-MacBook-Pro.local" name="com.maven.BaseClass" tests="1" failures="0" timestamp="27 Dec 2018 22:47:58 GMT" time="4.094" errors="0">
  <testcase name="setup" time="4.094" classname="com.maven.BaseClass"/>
</testsuite> <!-- com.maven.BaseClass -->
